{
  "RSpec": {
    "coverage": {
      "/Users/sgoyette/RoR/rolodex/app/controllers/contacts_controller.rb": [
        1,
        1,
        1,
        null,
        1,
        1,
        1,
        null,
        null,
        1,
        1,
        null,
        null,
        1,
        0,
        0,
        0,
        0,
        0,
        0,
        null,
        0,
        null,
        null,
        null,
        null,
        1,
        null,
        null,
        1,
        2,
        2,
        1,
        2,
        null,
        2,
        null,
        null,
        null,
        null,
        1,
        0,
        0,
        0,
        0,
        null,
        null,
        null,
        null,
        1,
        null,
        1,
        2,
        null,
        null,
        1,
        3,
        null,
        null,
        1,
        2,
        0,
        null,
        null,
        null,
        1,
        1,
        null,
        null
      ],
      "/Users/sgoyette/RoR/rolodex/app/controllers/application_controller.rb": [
        1,
        null
      ],
      "/Users/sgoyette/RoR/rolodex/spec/models/contact_spec.rb": [
        1,
        null,
        1,
        1,
        1,
        1,
        null,
        null,
        null
      ],
      "/Users/sgoyette/RoR/rolodex/app/models/contact.rb": [
        1,
        1,
        1,
        null,
        1,
        null,
        1,
        1,
        null,
        null,
        1,
        0,
        null,
        0,
        null,
        null,
        1,
        1,
        null,
        null,
        2,
        null
      ],
      "/Users/sgoyette/RoR/rolodex/app/models/application_record.rb": [
        1,
        1,
        null
      ],
      "/Users/sgoyette/RoR/rolodex/spec/models/group_spec.rb": [
        1,
        null,
        1,
        1,
        1,
        1,
        null,
        null,
        null
      ],
      "/Users/sgoyette/RoR/rolodex/app/models/group.rb": [
        1,
        1,
        null
      ],
      "/Users/sgoyette/RoR/rolodex/spec/views/contacts/index.html.erb_spec.rb": [
        1,
        null,
        1,
        null,
        1,
        1,
        1,
        1,
        null,
        1,
        1,
        1,
        null,
        null,
        null,
        1,
        1,
        1,
        13,
        null,
        1,
        null,
        1,
        1,
        1,
        null,
        null,
        null,
        null
      ]
    },
    "timestamp": 1543034591
  }
}
