{
  "RSpec": {
    "coverage": {
      "/Users/sgoyette/RoR/rolodex/app/controllers/contacts_controller.rb": [
        1,
        1,
        1,
        1,
        null,
        1,
        0,
        0,
        null,
        null,
        1,
        0,
        null,
        null,
        1,
        0,
        null,
        null,
        1,
        0,
        0,
        0,
        0,
        0,
        0,
        null,
        0,
        null,
        null,
        null,
        null,
        1,
        null,
        null,
        1,
        0,
        0,
        0,
        0,
        null,
        0,
        null,
        null,
        null,
        null,
        1,
        0,
        0,
        0,
        0,
        null,
        null,
        null,
        null,
        1,
        null,
        1,
        0,
        null,
        null,
        1,
        0,
        null,
        null,
        1,
        0,
        0,
        null,
        null,
        null,
        1,
        0,
        null,
        null
      ],
      "/Users/sgoyette/RoR/rolodex/app/controllers/application_controller.rb": [
        1,
        1,
        1,
        null,
        1,
        0,
        null,
        null,
        1,
        0,
        null,
        null,
        1,
        null,
        1,
        0,
        0,
        null,
        null
      ],
      "/Users/sgoyette/RoR/rolodex/spec/controllers/custom_registrations_controller_spec.rb": [
        1,
        null,
        1,
        null,
        null
      ],
      "/Users/sgoyette/RoR/rolodex/app/controllers/custom_registrations_controller.rb": [
        1,
        1,
        null,
        1,
        0,
        null,
        null
      ],
      "/Users/sgoyette/RoR/rolodex/spec/controllers/dashboard_controller_spec.rb": [
        1,
        null,
        1,
        null,
        1,
        1,
        1,
        0,
        null,
        null,
        null,
        null
      ],
      "/Users/sgoyette/RoR/rolodex/app/controllers/dashboard_controller.rb": [
        1,
        1,
        null,
        1,
        null,
        null
      ],
      "/Users/sgoyette/RoR/rolodex/spec/controllers/groups_controller_spec.rb": [
        1,
        null,
        1,
        null,
        null
      ],
      "/Users/sgoyette/RoR/rolodex/app/controllers/groups_controller.rb": [
        1,
        1,
        0,
        0,
        0,
        null,
        0,
        null,
        null,
        null,
        1,
        null,
        1,
        0,
        null,
        null
      ],
      "/Users/sgoyette/RoR/rolodex/spec/controllers/home_controller_spec.rb": [
        1,
        null,
        1,
        null,
        1,
        1,
        1,
        1,
        null,
        null,
        null,
        null
      ],
      "/Users/sgoyette/RoR/rolodex/app/controllers/home_controller.rb": [
        1,
        1,
        null,
        null
      ],
      "/Users/sgoyette/RoR/rolodex/spec/helpers/custom_registrations_helper_spec.rb": [
        1,
        null,
        null,
        null,
        null,
        null,
        null,
        null,
        null,
        null,
        null,
        null,
        1,
        1,
        null
      ],
      "/Users/sgoyette/RoR/rolodex/spec/helpers/dashboard_helper_spec.rb": [
        1,
        null,
        null,
        null,
        null,
        null,
        null,
        null,
        null,
        null,
        null,
        null,
        1,
        1,
        null
      ],
      "/Users/sgoyette/RoR/rolodex/spec/helpers/home_helper_spec.rb": [
        1,
        null,
        null,
        null,
        null,
        null,
        null,
        null,
        null,
        null,
        null,
        null,
        1,
        1,
        null
      ],
      "/Users/sgoyette/RoR/rolodex/spec/models/contact_spec.rb": [
        1,
        null,
        1,
        1,
        1,
        1,
        null,
        null,
        null
      ],
      "/Users/sgoyette/RoR/rolodex/app/models/contact.rb": [
        1,
        1,
        1,
        1,
        null,
        1,
        null,
        1,
        1,
        null,
        1,
        0,
        null,
        0,
        null,
        null,
        1,
        null,
        1,
        null
      ],
      "/Users/sgoyette/RoR/rolodex/spec/models/group_spec.rb": [
        1,
        null,
        1,
        1,
        1,
        1,
        null,
        null,
        null
      ],
      "/Users/sgoyette/RoR/rolodex/app/models/group.rb": [
        1,
        1,
        1,
        null,
        1,
        1,
        null
      ],
      "/Users/sgoyette/RoR/rolodex/spec/models/user_spec.rb": [
        1,
        null,
        1,
        1,
        null
      ],
      "/Users/sgoyette/RoR/rolodex/spec/views/contacts/index.html.erb_spec.rb": [
        1,
        null,
        1,
        null,
        1,
        1,
        1,
        1,
        null,
        1,
        1,
        1,
        null,
        null,
        null,
        1,
        1,
        1,
        1,
        null,
        0,
        null,
        1,
        0,
        0,
        null,
        null,
        null,
        null
      ],
      "/Users/sgoyette/RoR/rolodex/spec/views/dashboard/index.html.erb_spec.rb": [
        1,
        null,
        1,
        1,
        null
      ],
      "/Users/sgoyette/RoR/rolodex/spec/views/home/index.html.erb_spec.rb": [
        1,
        null,
        1,
        1,
        null
      ]
    },
    "timestamp": 1543944811
  }
}
